Added Component: Designator=BT1(PCB-2466)
Added Component: Designator=BT2(PCB-2466)
Added Component: Designator=BT3(PCB-2466)
Added Component: Designator=C1(PCB-nq6yd78wv7rl8ojp8omb-1)
Add component (AddParameter): Name = "Capacitance"; Value = "10.0 F"; VariantName = "[No Variations]"
Add component (AddParameter): Name = "Capacitance Tolerance"; Value = "±20%"; VariantName = "[No Variations]"
Add component (AddParameter): Name = "Manufacturer Part Number"; Value = "UCB1C100MCL1GS"; VariantName = "[No Variations]"
Add component (AddParameter): Name = "Mounting Style"; Value = "Surface Mount"; VariantName = "[No Variations]"
Add component (AddParameter): Name = "Octopart URL"; Value = "http://octopart.com/ucb1c100mcl1gs-nichicon-19717264"; VariantName = "[No Variations]"
Add component (AddParameter): Name = "OctopartID"; Value = "119dd9bbe86bce5a"; VariantName = "[No Variations]"
Add component (AddParameter): Name = "Packaging"; Value = "Tape & Reel (TR)"; VariantName = "[No Variations]"
Add component (AddParameter): Name = "RoHS"; Value = "Compliant"; VariantName = "[No Variations]"
Add component (AddParameter): Name = "Size-Diameter"; Value = "4.00 mm"; VariantName = "[No Variations]"
Add component (AddParameter): Name = "Size-Height"; Value = "7.00 mm"; VariantName = "[No Variations]"
Add component (AddParameter): Name = "Voltage Rating (DC)"; Value = "16.0 V"; VariantName = "[No Variations]"
Added Component: Designator=C2(PCB-ql28fbuo3tond8refhb5-1)
Added Component: Designator=C3(PCB-ql28fbuo3tond8refhb5-1)
Added Component: Designator=C4(PCB-ql28fbuo3tond8refhb5-1)
Added Component: Designator=C5(PCB-ql28fbuo3tond8refhb5-1)
Added Component: Designator=C6(PCB-ql28fbuo3tond8refhb5-1)
Added Component: Designator=D1(PCB-b5vk7vz0xhkw7l0fnova-1)
Add component (AddParameter): Name = "Color"; Value = "Green"; VariantName = "[No Variations]"
Add component (AddParameter): Name = "Forward Voltage"; Value = "3.20 V"; VariantName = "[No Variations]"
Add component (AddParameter): Name = "Luminous Intensity"; Value = "12.5 cd"; VariantName = "[No Variations]"
Add component (AddParameter): Name = "Manufacturer"; Value = "Cree"; VariantName = "[No Variations]"
Add component (AddParameter): Name = "Manufacturer Part Number"; Value = "C503B-GCN-CY0C0791"; VariantName = "[No Variations]"
Add component (AddParameter): Name = "Mounting Style"; Value = "Through Hole"; VariantName = "[No Variations]"
Add component (AddParameter): Name = "Number of Pins"; Value = "2"; VariantName = "[No Variations]"
Add component (AddParameter): Name = "Octopart URL"; Value = "http://octopart.com/c503b-gcn-cy0c0791-cree-10438827"; VariantName = "[No Variations]"
Add component (AddParameter): Name = "OctopartID"; Value = "92bb5b2eff764d7c"; VariantName = "[No Variations]"
Add component (AddParameter): Name = "RoHS"; Value = "Compliant"; VariantName = "[No Variations]"
Add component (AddParameter): Name = "Viewing Angle"; Value = "30 °"; VariantName = "[No Variations]"
Add component (AddParameter): Name = "Wavelength"; Value = "527 nm"; VariantName = "[No Variations]"
Added Component: Designator=D2(PCB-b5vk7vz0xhkw7l0fnova-1)
Add component (AddParameter): Name = "Color"; Value = "Green"; VariantName = "[No Variations]"
Add component (AddParameter): Name = "Forward Voltage"; Value = "3.20 V"; VariantName = "[No Variations]"
Add component (AddParameter): Name = "Luminous Intensity"; Value = "12.5 cd"; VariantName = "[No Variations]"
Add component (AddParameter): Name = "Manufacturer"; Value = "Cree"; VariantName = "[No Variations]"
Add component (AddParameter): Name = "Manufacturer Part Number"; Value = "C503B-GCN-CY0C0791"; VariantName = "[No Variations]"
Add component (AddParameter): Name = "Mounting Style"; Value = "Through Hole"; VariantName = "[No Variations]"
Add component (AddParameter): Name = "Number of Pins"; Value = "2"; VariantName = "[No Variations]"
Add component (AddParameter): Name = "Octopart URL"; Value = "http://octopart.com/c503b-gcn-cy0c0791-cree-10438827"; VariantName = "[No Variations]"
Add component (AddParameter): Name = "OctopartID"; Value = "92bb5b2eff764d7c"; VariantName = "[No Variations]"
Add component (AddParameter): Name = "RoHS"; Value = "Compliant"; VariantName = "[No Variations]"
Add component (AddParameter): Name = "Viewing Angle"; Value = "30 °"; VariantName = "[No Variations]"
Add component (AddParameter): Name = "Wavelength"; Value = "527 nm"; VariantName = "[No Variations]"
Added Component: Designator=D3(PCB-b5vk7vz0xhkw7l0fnova-1)
Add component (AddParameter): Name = "Color"; Value = "Green"; VariantName = "[No Variations]"
Add component (AddParameter): Name = "Forward Voltage"; Value = "3.20 V"; VariantName = "[No Variations]"
Add component (AddParameter): Name = "Luminous Intensity"; Value = "12.5 cd"; VariantName = "[No Variations]"
Add component (AddParameter): Name = "Manufacturer"; Value = "Cree"; VariantName = "[No Variations]"
Add component (AddParameter): Name = "Manufacturer Part Number"; Value = "C503B-GCN-CY0C0791"; VariantName = "[No Variations]"
Add component (AddParameter): Name = "Mounting Style"; Value = "Through Hole"; VariantName = "[No Variations]"
Add component (AddParameter): Name = "Number of Pins"; Value = "2"; VariantName = "[No Variations]"
Add component (AddParameter): Name = "Octopart URL"; Value = "http://octopart.com/c503b-gcn-cy0c0791-cree-10438827"; VariantName = "[No Variations]"
Add component (AddParameter): Name = "OctopartID"; Value = "92bb5b2eff764d7c"; VariantName = "[No Variations]"
Add component (AddParameter): Name = "RoHS"; Value = "Compliant"; VariantName = "[No Variations]"
Add component (AddParameter): Name = "Viewing Angle"; Value = "30 °"; VariantName = "[No Variations]"
Add component (AddParameter): Name = "Wavelength"; Value = "527 nm"; VariantName = "[No Variations]"
Added Component: Designator=D4(PCB-b5vk7vz0xhkw7l0fnova-1)
Add component (AddParameter): Name = "Color"; Value = "Green"; VariantName = "[No Variations]"
Add component (AddParameter): Name = "Forward Voltage"; Value = "3.20 V"; VariantName = "[No Variations]"
Add component (AddParameter): Name = "Luminous Intensity"; Value = "12.5 cd"; VariantName = "[No Variations]"
Add component (AddParameter): Name = "Manufacturer"; Value = "Cree"; VariantName = "[No Variations]"
Add component (AddParameter): Name = "Manufacturer Part Number"; Value = "C503B-GCN-CY0C0791"; VariantName = "[No Variations]"
Add component (AddParameter): Name = "Mounting Style"; Value = "Through Hole"; VariantName = "[No Variations]"
Add component (AddParameter): Name = "Number of Pins"; Value = "2"; VariantName = "[No Variations]"
Add component (AddParameter): Name = "Octopart URL"; Value = "http://octopart.com/c503b-gcn-cy0c0791-cree-10438827"; VariantName = "[No Variations]"
Add component (AddParameter): Name = "OctopartID"; Value = "92bb5b2eff764d7c"; VariantName = "[No Variations]"
Add component (AddParameter): Name = "RoHS"; Value = "Compliant"; VariantName = "[No Variations]"
Add component (AddParameter): Name = "Viewing Angle"; Value = "30 °"; VariantName = "[No Variations]"
Add component (AddParameter): Name = "Wavelength"; Value = "527 nm"; VariantName = "[No Variations]"
Added Component: Designator=D5(PCB-b5vk7vz0xhkw7l0fnova-1)
Add component (AddParameter): Name = "Color"; Value = "Green"; VariantName = "[No Variations]"
Add component (AddParameter): Name = "Forward Voltage"; Value = "3.20 V"; VariantName = "[No Variations]"
Add component (AddParameter): Name = "Luminous Intensity"; Value = "12.5 cd"; VariantName = "[No Variations]"
Add component (AddParameter): Name = "Manufacturer"; Value = "Cree"; VariantName = "[No Variations]"
Add component (AddParameter): Name = "Manufacturer Part Number"; Value = "C503B-GCN-CY0C0791"; VariantName = "[No Variations]"
Add component (AddParameter): Name = "Mounting Style"; Value = "Through Hole"; VariantName = "[No Variations]"
Add component (AddParameter): Name = "Number of Pins"; Value = "2"; VariantName = "[No Variations]"
Add component (AddParameter): Name = "Octopart URL"; Value = "http://octopart.com/c503b-gcn-cy0c0791-cree-10438827"; VariantName = "[No Variations]"
Add component (AddParameter): Name = "OctopartID"; Value = "92bb5b2eff764d7c"; VariantName = "[No Variations]"
Add component (AddParameter): Name = "RoHS"; Value = "Compliant"; VariantName = "[No Variations]"
Add component (AddParameter): Name = "Viewing Angle"; Value = "30 °"; VariantName = "[No Variations]"
Add component (AddParameter): Name = "Wavelength"; Value = "527 nm"; VariantName = "[No Variations]"
Added Component: Designator=D6(PCB-b5vk7vz0xhkw7l0fnova-1)
Add component (AddParameter): Name = "Color"; Value = "Green"; VariantName = "[No Variations]"
Add component (AddParameter): Name = "Forward Voltage"; Value = "3.20 V"; VariantName = "[No Variations]"
Add component (AddParameter): Name = "Luminous Intensity"; Value = "12.5 cd"; VariantName = "[No Variations]"
Add component (AddParameter): Name = "Manufacturer"; Value = "Cree"; VariantName = "[No Variations]"
Add component (AddParameter): Name = "Manufacturer Part Number"; Value = "C503B-GCN-CY0C0791"; VariantName = "[No Variations]"
Add component (AddParameter): Name = "Mounting Style"; Value = "Through Hole"; VariantName = "[No Variations]"
Add component (AddParameter): Name = "Number of Pins"; Value = "2"; VariantName = "[No Variations]"
Add component (AddParameter): Name = "Octopart URL"; Value = "http://octopart.com/c503b-gcn-cy0c0791-cree-10438827"; VariantName = "[No Variations]"
Add component (AddParameter): Name = "OctopartID"; Value = "92bb5b2eff764d7c"; VariantName = "[No Variations]"
Add component (AddParameter): Name = "RoHS"; Value = "Compliant"; VariantName = "[No Variations]"
Add component (AddParameter): Name = "Viewing Angle"; Value = "30 °"; VariantName = "[No Variations]"
Add component (AddParameter): Name = "Wavelength"; Value = "527 nm"; VariantName = "[No Variations]"
Added Component: Designator=D7(PCB-b5vk7vz0xhkw7l0fnova-1)
Add component (AddParameter): Name = "Color"; Value = "Green"; VariantName = "[No Variations]"
Add component (AddParameter): Name = "Forward Voltage"; Value = "3.20 V"; VariantName = "[No Variations]"
Add component (AddParameter): Name = "Luminous Intensity"; Value = "12.5 cd"; VariantName = "[No Variations]"
Add component (AddParameter): Name = "Manufacturer"; Value = "Cree"; VariantName = "[No Variations]"
Add component (AddParameter): Name = "Manufacturer Part Number"; Value = "C503B-GCN-CY0C0791"; VariantName = "[No Variations]"
Add component (AddParameter): Name = "Mounting Style"; Value = "Through Hole"; VariantName = "[No Variations]"
Add component (AddParameter): Name = "Number of Pins"; Value = "2"; VariantName = "[No Variations]"
Add component (AddParameter): Name = "Octopart URL"; Value = "http://octopart.com/c503b-gcn-cy0c0791-cree-10438827"; VariantName = "[No Variations]"
Add component (AddParameter): Name = "OctopartID"; Value = "92bb5b2eff764d7c"; VariantName = "[No Variations]"
Add component (AddParameter): Name = "RoHS"; Value = "Compliant"; VariantName = "[No Variations]"
Add component (AddParameter): Name = "Viewing Angle"; Value = "30 °"; VariantName = "[No Variations]"
Add component (AddParameter): Name = "Wavelength"; Value = "527 nm"; VariantName = "[No Variations]"
Added Component: Designator=D8(PCB-b5vk7vz0xhkw7l0fnova-1)
Add component (AddParameter): Name = "Color"; Value = "Green"; VariantName = "[No Variations]"
Add component (AddParameter): Name = "Forward Voltage"; Value = "3.20 V"; VariantName = "[No Variations]"
Add component (AddParameter): Name = "Luminous Intensity"; Value = "12.5 cd"; VariantName = "[No Variations]"
Add component (AddParameter): Name = "Manufacturer"; Value = "Cree"; VariantName = "[No Variations]"
Add component (AddParameter): Name = "Manufacturer Part Number"; Value = "C503B-GCN-CY0C0791"; VariantName = "[No Variations]"
Add component (AddParameter): Name = "Mounting Style"; Value = "Through Hole"; VariantName = "[No Variations]"
Add component (AddParameter): Name = "Number of Pins"; Value = "2"; VariantName = "[No Variations]"
Add component (AddParameter): Name = "Octopart URL"; Value = "http://octopart.com/c503b-gcn-cy0c0791-cree-10438827"; VariantName = "[No Variations]"
Add component (AddParameter): Name = "OctopartID"; Value = "92bb5b2eff764d7c"; VariantName = "[No Variations]"
Add component (AddParameter): Name = "RoHS"; Value = "Compliant"; VariantName = "[No Variations]"
Add component (AddParameter): Name = "Viewing Angle"; Value = "30 °"; VariantName = "[No Variations]"
Add component (AddParameter): Name = "Wavelength"; Value = "527 nm"; VariantName = "[No Variations]"
Added Component: Designator=POTA(PCB-yu8b13vw5bhotm5v9joo-1)
Add component (AddParameter): Name = "Color"; Value = "Blue"; VariantName = "[No Variations]"
Add component (AddParameter): Name = "Lead-Free Status"; Value = "Lead Free"; VariantName = "[No Variations]"
Add component (AddParameter): Name = "Manufacturer Part Number"; Value = "CT-6EP204"; VariantName = "[No Variations]"
Add component (AddParameter): Name = "Mounting Style"; Value = "Through Hole"; VariantName = "[No Variations]"
Add component (AddParameter): Name = "Octopart URL"; Value = "https://octopart.com/ct-6ep204-nidec+copal-91739830"; VariantName = "[No Variations]"
Add component (AddParameter): Name = "OctopartID"; Value = "1c6ed013efbec3a9"; VariantName = "[No Variations]"
Add component (AddParameter): Name = "Operating Temperature"; Value = "120 °C (max)"; VariantName = "[No Variations]"
Add component (AddParameter): Name = "Packaging"; Value = "Bulk"; VariantName = "[No Variations]"
Add component (AddParameter): Name = "Power Rating"; Value = "500 mW"; VariantName = "[No Variations]"
Add component (AddParameter): Name = "Resistance"; Value = "200 kO"; VariantName = "[No Variations]"
Add component (AddParameter): Name = "Resistance Tolerance"; Value = "±10%"; VariantName = "[No Variations]"
Add component (AddParameter): Name = "RoHS"; Value = "Compliant"; VariantName = "[No Variations]"
Add component (AddParameter): Name = "Size-Height"; Value = "5.80 mm"; VariantName = "[No Variations]"
Add component (AddParameter): Name = "Size-Length"; Value = "7.00 mm"; VariantName = "[No Variations]"
Add component (AddParameter): Name = "Size-Width"; Value = "7.00 mm"; VariantName = "[No Variations]"
Add component (AddParameter): Name = "Temperature Coefficient"; Value = "-100 ppm/°C to 100 ppm/°C"; VariantName = "[No Variations]"
Add component (AddParameter): Name = "Weight"; Value = "510 mg"; VariantName = "[No Variations]"
Added Component: Designator=POTB(PCB-yu8b13vw5bhotm5v9joo-1)
Add component (AddParameter): Name = "Color"; Value = "Blue"; VariantName = "[No Variations]"
Add component (AddParameter): Name = "Lead-Free Status"; Value = "Lead Free"; VariantName = "[No Variations]"
Add component (AddParameter): Name = "Manufacturer Part Number"; Value = "CT-6EP204"; VariantName = "[No Variations]"
Add component (AddParameter): Name = "Mounting Style"; Value = "Through Hole"; VariantName = "[No Variations]"
Add component (AddParameter): Name = "Octopart URL"; Value = "https://octopart.com/ct-6ep204-nidec+copal-91739830"; VariantName = "[No Variations]"
Add component (AddParameter): Name = "OctopartID"; Value = "1c6ed013efbec3a9"; VariantName = "[No Variations]"
Add component (AddParameter): Name = "Operating Temperature"; Value = "120 °C (max)"; VariantName = "[No Variations]"
Add component (AddParameter): Name = "Packaging"; Value = "Bulk"; VariantName = "[No Variations]"
Add component (AddParameter): Name = "Power Rating"; Value = "500 mW"; VariantName = "[No Variations]"
Add component (AddParameter): Name = "Resistance"; Value = "200 kO"; VariantName = "[No Variations]"
Add component (AddParameter): Name = "Resistance Tolerance"; Value = "±10%"; VariantName = "[No Variations]"
Add component (AddParameter): Name = "RoHS"; Value = "Compliant"; VariantName = "[No Variations]"
Add component (AddParameter): Name = "Size-Height"; Value = "5.80 mm"; VariantName = "[No Variations]"
Add component (AddParameter): Name = "Size-Length"; Value = "7.00 mm"; VariantName = "[No Variations]"
Add component (AddParameter): Name = "Size-Width"; Value = "7.00 mm"; VariantName = "[No Variations]"
Add component (AddParameter): Name = "Temperature Coefficient"; Value = "-100 ppm/°C to 100 ppm/°C"; VariantName = "[No Variations]"
Add component (AddParameter): Name = "Weight"; Value = "510 mg"; VariantName = "[No Variations]"
Added Component: Designator=R1(PCB-0jk5y5qyb1smy9vf6b7t-1)
Added Component: Designator=R2(PCB-0jk5y5qyb1smy9vf6b7t-1)
Added Component: Designator=R3(PCB-0jk5y5qyb1smy9vf6b7t-1)
Added Component: Designator=R4(PCB-0jk5y5qyb1smy9vf6b7t-1)
Added Component: Designator=R5(PCB-0jk5y5qyb1smy9vf6b7t-1)
Added Component: Designator=R6(PCB-0jk5y5qyb1smy9vf6b7t-1)
Added Component: Designator=R7(PCB-0jk5y5qyb1smy9vf6b7t-1)
Added Component: Designator=R8(PCB-0jk5y5qyb1smy9vf6b7t-1)
Added Component: Designator=SW1(ESWI-EG1218_V)
Add component (AddParameter): Name = "Actuator Type"; Value = "Standard"; VariantName = "[No Variations]"
Add component (AddParameter): Name = "Contact Material"; Value = "Copper Alloy"; VariantName = "[No Variations]"
Add component (AddParameter): Name = "Contact Plating"; Value = "Silver"; VariantName = "[No Variations]"
Add component (AddParameter): Name = "Contacts Type"; Value = "SPDT"; VariantName = "[No Variations]"
Add component (AddParameter): Name = "Current Rating"; Value = "200 mA"; VariantName = "[No Variations]"
Add component (AddParameter): Name = "DatasheetVersion"; Value = "Oct-15"; VariantName = "[No Variations]"
Add component (AddParameter): Name = "Lead-Free Status"; Value = "Lead Free"; VariantName = "[No Variations]"
Add component (AddParameter): Name = "Manufacturer Part Number"; Value = "EG1218"; VariantName = "[No Variations]"
Add component (AddParameter): Name = "Mounting Style"; Value = "PCB, Through Hole"; VariantName = "[No Variations]"
Add component (AddParameter): Name = "Number of Positions"; Value = "2"; VariantName = "[No Variations]"
Add component (AddParameter): Name = "Octopart Url"; Value = "http://octopart.com/eg1218-e-switch-1056201"; VariantName = "[No Variations]"
Add component (AddParameter): Name = "OctopartID"; Value = "9a5a5340a2f5459d"; VariantName = "[No Variations]"
Add component (AddParameter): Name = "Orientation"; Value = "Vertical"; VariantName = "[No Variations]"
Add component (AddParameter): Name = "PackageDescription"; Value = "3-Pin Through Hole Device, Body 11.6 x 4 mm, Pitch 2.5 mm"; VariantName = "[No Variations]"
Add component (AddParameter): Name = "PackageReference"; Value = "EG1218"; VariantName = "[No Variations]"
Add component (AddParameter): Name = "Packaging"; Value = "Bulk"; VariantName = "[No Variations]"
Add component (AddParameter): Name = "RoHS"; Value = "Compliant"; VariantName = "[No Variations]"
Add component (AddParameter): Name = "Seller Landing  Url"; Value = "https://octopart-clicks.com/click/track?country=US&ak=8157f166&sig=0e9adab&sid=459&ppid=1056201&vpid=1179261&ct=offers"; VariantName = "[No Variations]"
Add component (AddParameter): Name = "Size-Height"; Value = "5.40 mm"; VariantName = "[No Variations]"
Add component (AddParameter): Name = "Size-Length"; Value = "2.03 mm"; VariantName = "[No Variations]"
Add component (AddParameter): Name = "Size-Width"; Value = "4.00 mm"; VariantName = "[No Variations]"
Added Component: Designator=U1(TI-D8_L)
Add component (AddParameter): Name = "Case/Package"; Value = "SOIC"; VariantName = "[No Variations]"
Add component (AddParameter): Name = "Frequency"; Value = "3.00 MHz"; VariantName = "[No Variations]"
Add component (AddParameter): Name = "Input Voltage (DC)"; Value = "12.0 V (max)"; VariantName = "[No Variations]"
Add component (AddParameter): Name = "Lead-Free Status"; Value = "Lead Free"; VariantName = "[No Variations]"
Add component (AddParameter): Name = "Lifecycle Status"; Value = "Active"; VariantName = "[No Variations]"
Add component (AddParameter): Name = "Manufacturer Part Number"; Value = "LMC555CMX/NOPB"; VariantName = "[No Variations]"
Add component (AddParameter): Name = "Mounting Style"; Value = "Surface Mount"; VariantName = "[No Variations]"
Add component (AddParameter): Name = "Number of Pins"; Value = "8"; VariantName = "[No Variations]"
Add component (AddParameter): Name = "Octopart URL"; Value = "https://octopart.com/lmc555cmx%2Fnopb-texas+instruments-24815227"; VariantName = "[No Variations]"
Add component (AddParameter): Name = "OctopartID"; Value = "6f1ca76cec01b0db"; VariantName = "[No Variations]"
Add component (AddParameter): Name = "Operating Temperature"; Value = "-40.0 °C (min)"; VariantName = "[No Variations]"
Add component (AddParameter): Name = "Output Current"; Value = "100 mA (max)"; VariantName = "[No Variations]"
Add component (AddParameter): Name = "Packaging"; Value = "Cut Tape (CT), Reel, Tape & Reel (TR)"; VariantName = "[No Variations]"
Add component (AddParameter): Name = "Quiescent Current"; Value = "50.0 µA"; VariantName = "[No Variations]"
Add component (AddParameter): Name = "REACH SVHC Compliance"; Value = "No SVHC"; VariantName = "[No Variations]"
Add component (AddParameter): Name = "RoHS"; Value = "Compliant"; VariantName = "[No Variations]"
Add component (AddParameter): Name = "Supply Voltage (DC)"; Value = "1.50 V (min), 2.00 V (min), 15.0 V (max)"; VariantName = "[No Variations]"
Added Component: Designator=U2(SOIC-SL14_N)
Add component (AddParameter): Name = "Case/Package"; Value = "SOP"; VariantName = "[No Variations]"
Add component (AddParameter): Name = "Clock Speed"; Value = "60.0 MHz"; VariantName = "[No Variations]"
Add component (AddParameter): Name = "Lead-Free Status"; Value = "Lead Free"; VariantName = "[No Variations]"
Add component (AddParameter): Name = "Lifecycle Status"; Value = "Active"; VariantName = "[No Variations]"
Add component (AddParameter): Name = "Manufacturer Part Number"; Value = "SN74HC393NSR"; VariantName = "[No Variations]"
Add component (AddParameter): Name = "Mounting Style"; Value = "Surface Mount"; VariantName = "[No Variations]"
Add component (AddParameter): Name = "Number of Bits"; Value = "4"; VariantName = "[No Variations]"
Add component (AddParameter): Name = "Number of Pins"; Value = "14"; VariantName = "[No Variations]"
Add component (AddParameter): Name = "Octopart URL"; Value = "https://octopart.com/sn74hc393nsr-texas+instruments-716631"; VariantName = "[No Variations]"
Add component (AddParameter): Name = "OctopartID"; Value = "3cf3f5f3f6c2e334"; VariantName = "[No Variations]"
Add component (AddParameter): Name = "Operating Temperature"; Value = "-40.0 °C to 85.0 °C"; VariantName = "[No Variations]"
Add component (AddParameter): Name = "Output Current Drive"; Value = "-1.00 mA"; VariantName = "[No Variations]"
Add component (AddParameter): Name = "Packaging"; Value = "Reel"; VariantName = "[No Variations]"
Add component (AddParameter): Name = "RoHS"; Value = "Compliant"; VariantName = "[No Variations]"
Add component (AddParameter): Name = "Supply Voltage (DC)"; Value = "2.00 V to 6.00 V"; VariantName = "[No Variations]"
Add component (AddParameter): Name = "Voltage Nodes"; Value = "2.00 V, 5.00 V, 6.00 V"; VariantName = "[No Variations]"
Added Component: Designator=U3(PCB-iqyivjlmuk83cucpld0n-1)
Add component (AddParameter): Name = "Lead-Free Status"; Value = "Lead Free"; VariantName = "[No Variations]"
Add component (AddParameter): Name = "Lifecycle Status"; Value = "Active"; VariantName = "[No Variations]"
Add component (AddParameter): Name = "Manufacturer"; Value = "Texas Instruments"; VariantName = "[No Variations]"
Add component (AddParameter): Name = "Manufacturer Part Number"; Value = "CD74HC138E"; VariantName = "[No Variations]"
Add component (AddParameter): Name = "Mounting Style"; Value = "Through Hole"; VariantName = "[No Variations]"
Add component (AddParameter): Name = "Number of Bits"; Value = "8"; VariantName = "[No Variations]"
Add component (AddParameter): Name = "Number of Circuits"; Value = "1"; VariantName = "[No Variations]"
Add component (AddParameter): Name = "Number of Outputs"; Value = "8"; VariantName = "[No Variations]"
Add component (AddParameter): Name = "Number of Pins"; Value = "16"; VariantName = "[No Variations]"
Add component (AddParameter): Name = "Octopart Url"; Value = "https://octopart.com/cd74hc138e-harris-4046706"; VariantName = "[No Variations]"
Add component (AddParameter): Name = "OctopartID"; Value = "2c46e54acdf8f381"; VariantName = "[No Variations]"
Add component (AddParameter): Name = "Operating Supply Voltage"; Value = "2 V to 6 V"; VariantName = "[No Variations]"
Add component (AddParameter): Name = "Operating Supply Voltage (typical)"; Value = "2.5V / 3.3V / 5.0V"; VariantName = "[No Variations]"
Add component (AddParameter): Name = "Operating Temperature"; Value = "-55C to 125C"; VariantName = "[No Variations]"
Add component (AddParameter): Name = "Output Current"; Value = "5.2 mA"; VariantName = "[No Variations]"
Add component (AddParameter): Name = "Package"; Value = "PDIP"; VariantName = "[No Variations]"
Add component (AddParameter): Name = "Packaging"; Value = "Tube"; VariantName = "[No Variations]"
Add component (AddParameter): Name = "Propagation Delay"; Value = "265 ns"; VariantName = "[No Variations]"
Add component (AddParameter): Name = "REACH SVHC Compliance"; Value = "No SVHC"; VariantName = "[No Variations]"
Add component (AddParameter): Name = "RoHS"; Value = "Compliant"; VariantName = "[No Variations]"
Added Pin To Net: NetName=GND Pin=BT3-2
Added Pin To Net: NetName=GND Pin=C1-2
Added Pin To Net: NetName=GND Pin=C2-1
Added Pin To Net: NetName=GND Pin=C3-1
Added Pin To Net: NetName=GND Pin=C4-1
Added Pin To Net: NetName=GND Pin=C5-1
Added Pin To Net: NetName=GND Pin=C6-1
Added Pin To Net: NetName=GND Pin=U2-2
Added Pin To Net: NetName=GND Pin=U2-12
Added Pin To Net: NetName=GND Pin=U3-4
Added Pin To Net: NetName=GND Pin=U3-5
Added Pin To Net: NetName=GND Pin=U3-8
Added Net: Name=GND
Added Pin To Net: NetName=NetBT1_1 Pin=BT1-1
Added Pin To Net: NetName=NetBT1_1 Pin=SW1-1
Added Net: Name=NetBT1_1
Added Pin To Net: NetName=NetBT1_2 Pin=BT1-2
Added Pin To Net: NetName=NetBT1_2 Pin=BT2-1
Added Net: Name=NetBT1_2
Added Pin To Net: NetName=NetBT2_2 Pin=BT2-2
Added Pin To Net: NetName=NetBT2_2 Pin=BT3-1
Added Net: Name=NetBT2_2
Added Pin To Net: NetName=NetC3_2 Pin=C3-2
Added Pin To Net: NetName=NetC3_2 Pin=POTB-2
Added Pin To Net: NetName=NetC3_2 Pin=U1-2
Added Pin To Net: NetName=NetC3_2 Pin=U1-6
Added Net: Name=NetC3_2
Added Pin To Net: NetName=NetC4_2 Pin=C4-2
Added Pin To Net: NetName=NetC4_2 Pin=U1-5
Added Net: Name=NetC4_2
Added Pin To Net: NetName=NetD1_1 Pin=D1-1
Added Pin To Net: NetName=NetD1_1 Pin=R1-1
Added Net: Name=NetD1_1
Added Pin To Net: NetName=NetD2_1 Pin=D2-1
Added Pin To Net: NetName=NetD2_1 Pin=R2-1
Added Net: Name=NetD2_1
Added Pin To Net: NetName=NetD3_1 Pin=D3-1
Added Pin To Net: NetName=NetD3_1 Pin=R3-1
Added Net: Name=NetD3_1
Added Pin To Net: NetName=NetD4_1 Pin=D4-1
Added Pin To Net: NetName=NetD4_1 Pin=R4-1
Added Net: Name=NetD4_1
Added Pin To Net: NetName=NetD5_1 Pin=D5-1
Added Pin To Net: NetName=NetD5_1 Pin=R5-1
Added Net: Name=NetD5_1
Added Pin To Net: NetName=NetD6_1 Pin=D6-1
Added Pin To Net: NetName=NetD6_1 Pin=R6-1
Added Net: Name=NetD6_1
Added Pin To Net: NetName=NetD7_1 Pin=D7-1
Added Pin To Net: NetName=NetD7_1 Pin=R7-1
Added Net: Name=NetD7_1
Added Pin To Net: NetName=NetD8_1 Pin=D8-1
Added Pin To Net: NetName=NetD8_1 Pin=R8-1
Added Net: Name=NetD8_1
Added Pin To Net: NetName=NetPOTA_2 Pin=POTA-2
Added Pin To Net: NetName=NetPOTA_2 Pin=POTB-1
Added Pin To Net: NetName=NetPOTA_2 Pin=U1-7
Added Net: Name=NetPOTA_2
Added Pin To Net: NetName=NetR1_2 Pin=R1-2
Added Pin To Net: NetName=NetR1_2 Pin=U3-15
Added Net: Name=NetR1_2
Added Pin To Net: NetName=NetR2_2 Pin=R2-2
Added Pin To Net: NetName=NetR2_2 Pin=U3-14
Added Net: Name=NetR2_2
Added Pin To Net: NetName=NetR3_2 Pin=R3-2
Added Pin To Net: NetName=NetR3_2 Pin=U3-13
Added Net: Name=NetR3_2
Added Pin To Net: NetName=NetR4_2 Pin=R4-2
Added Pin To Net: NetName=NetR4_2 Pin=U3-12
Added Net: Name=NetR4_2
Added Pin To Net: NetName=NetR5_2 Pin=R5-2
Added Pin To Net: NetName=NetR5_2 Pin=U3-11
Added Net: Name=NetR5_2
Added Pin To Net: NetName=NetR6_2 Pin=R6-2
Added Pin To Net: NetName=NetR6_2 Pin=U3-10
Added Net: Name=NetR6_2
Added Pin To Net: NetName=NetR7_2 Pin=R7-2
Added Pin To Net: NetName=NetR7_2 Pin=U3-9
Added Net: Name=NetR7_2
Added Pin To Net: NetName=NetR8_2 Pin=R8-2
Added Pin To Net: NetName=NetR8_2 Pin=U3-7
Added Net: Name=NetR8_2
Added Pin To Net: NetName=NetU1_3 Pin=U1-3
Added Pin To Net: NetName=NetU1_3 Pin=U2-1
Added Net: Name=NetU1_3
Added Pin To Net: NetName=NetU2_4 Pin=U2-4
Added Pin To Net: NetName=NetU2_4 Pin=U3-1
Added Net: Name=NetU2_4
Added Pin To Net: NetName=NetU2_5 Pin=U2-5
Added Pin To Net: NetName=NetU2_5 Pin=U3-2
Added Net: Name=NetU2_5
Added Pin To Net: NetName=NetU2_6 Pin=U2-6
Added Pin To Net: NetName=NetU2_6 Pin=U3-3
Added Net: Name=NetU2_6
Added Pin To Net: NetName=VCC Pin=C1-1
Added Pin To Net: NetName=VCC Pin=C2-2
Added Pin To Net: NetName=VCC Pin=C5-2
Added Pin To Net: NetName=VCC Pin=C6-2
Added Pin To Net: NetName=VCC Pin=D1-2
Added Pin To Net: NetName=VCC Pin=D2-2
Added Pin To Net: NetName=VCC Pin=D3-2
Added Pin To Net: NetName=VCC Pin=D4-2
Added Pin To Net: NetName=VCC Pin=D5-2
Added Pin To Net: NetName=VCC Pin=D6-2
Added Pin To Net: NetName=VCC Pin=D7-2
Added Pin To Net: NetName=VCC Pin=D8-2
Added Pin To Net: NetName=VCC Pin=POTA-1
Added Pin To Net: NetName=VCC Pin=SW1-2
Added Pin To Net: NetName=VCC Pin=U1-4
Added Pin To Net: NetName=VCC Pin=U1-8
Added Pin To Net: NetName=VCC Pin=U2-13
Added Pin To Net: NetName=VCC Pin=U2-14
Added Pin To Net: NetName=VCC Pin=U3-6
Added Pin To Net: NetName=VCC Pin=U3-16
Added Net: Name=VCC
Added Class: Name=MagicWandFinal
